<?xml version="1.0" encoding="UTF-8"?>
<coverage generated="1677231337648" clover="3.2.0">
  <project timestamp="1677231337648" name="All files">
    <metrics statements="16" coveredstatements="16" conditionals="4" coveredconditionals="2" methods="5" coveredmethods="5" elements="25" coveredelements="23" complexity="0" loc="16" ncloc="16" packages="1" files="2" classes="2"/>
    <file name="Bank.js" path="/Users/luizsantos/makers/javascript/bank-tdd/Bank.js">
      <metrics statements="10" coveredstatements="10" conditionals="0" coveredconditionals="0" methods="4" coveredmethods="4"/>
      <line num="1" count="1" type="stmt"/>
      <line num="4" count="3" type="stmt"/>
      <line num="5" count="3" type="stmt"/>
      <line num="6" count="3" type="stmt"/>
      <line num="10" count="2" type="stmt"/>
      <line num="11" count="2" type="stmt"/>
      <line num="15" count="1" type="stmt"/>
      <line num="16" count="1" type="stmt"/>
      <line num="19" count="3" type="stmt"/>
      <line num="23" count="1" type="stmt"/>
    </file>
    <file name="GetDate.js" path="/Users/luizsantos/makers/javascript/bank-tdd/GetDate.js">
      <metrics statements="6" coveredstatements="6" conditionals="4" coveredconditionals="2" methods="1" coveredmethods="1"/>
      <line num="3" count="4" type="stmt"/>
      <line num="4" count="4" type="stmt"/>
      <line num="5" count="4" type="stmt"/>
      <line num="6" count="4" type="stmt"/>
      <line num="7" count="4" type="cond" truecount="2" falsecount="2"/>
      <line num="11" count="2" type="stmt"/>
    </file>
  </project>
</coverage>
