{"/Users/luizsantos/makers/javascript/bank-tdd/Bank.js": {"path":"/Users/luizsantos/makers/javascript/bank-tdd/Bank.js","statementMap":{"0":{"start":{"line":1,"column":16},"end":{"line":1,"column":36}},"1":{"start":{"line":4,"column":4},"end":{"line":4,"column":22}},"2":{"start":{"line":5,"column":4},"end":{"line":5,"column":26}},"3":{"start":{"line":6,"column":4},"end":{"line":6,"column":37}},"4":{"start":{"line":10,"column":4},"end":{"line":10,"column":52}},"5":{"start":{"line":11,"column":4},"end":{"line":11,"column":87}},"6":{"start":{"line":15,"column":4},"end":{"line":15,"column":58}},"7":{"start":{"line":16,"column":4},"end":{"line":16,"column":87}},"8":{"start":{"line":19,"column":4},"end":{"line":19,"column":23}},"9":{"start":{"line":23,"column":0},"end":{"line":23,"column":22}}},"fnMap":{"0":{"name":"(anonymous_0)","decl":{"start":{"line":3,"column":2},"end":{"line":3,"column":3}},"loc":{"start":{"line":3,"column":15},"end":{"line":7,"column":3}},"line":3},"1":{"name":"(anonymous_1)","decl":{"start":{"line":9,"column":2},"end":{"line":9,"column":3}},"loc":{"start":{"line":9,"column":16},"end":{"line":12,"column":3}},"line":9},"2":{"name":"(anonymous_2)","decl":{"start":{"line":14,"column":2},"end":{"line":14,"column":3}},"loc":{"start":{"line":14,"column":19},"end":{"line":17,"column":3}},"line":14},"3":{"name":"(anonymous_3)","decl":{"start":{"line":18,"column":2},"end":{"line":18,"column":3}},"loc":{"start":{"line":18,"column":13},"end":{"line":20,"column":3}},"line":18}},"branchMap":{},"s":{"0":1,"1":3,"2":3,"3":3,"4":2,"5":2,"6":1,"7":1,"8":3,"9":1},"f":{"0":3,"1":2,"2":1,"3":3},"b":{},"_coverageSchema":"1a1c01bbd47fc00a2c39e90264f33305004495a9","hash":"76a86b474fa44f82c7b1317c10b6810754a63fda"}
,"/Users/luizsantos/makers/javascript/bank-tdd/GetDate.js": {"path":"/Users/luizsantos/makers/javascript/bank-tdd/GetDate.js","statementMap":{"0":{"start":{"line":3,"column":18},"end":{"line":3,"column":28}},"1":{"start":{"line":4,"column":17},"end":{"line":4,"column":32}},"2":{"start":{"line":5,"column":18},"end":{"line":5,"column":38}},"3":{"start":{"line":6,"column":17},"end":{"line":6,"column":36}},"4":{"start":{"line":7,"column":4},"end":{"line":7,"column":90}},"5":{"start":{"line":11,"column":0},"end":{"line":11,"column":24}}},"fnMap":{"0":{"name":"(anonymous_0)","decl":{"start":{"line":2,"column":2},"end":{"line":2,"column":3}},"loc":{"start":{"line":2,"column":19},"end":{"line":8,"column":3}},"line":2}},"branchMap":{"0":{"loc":{"start":{"line":7,"column":14},"end":{"line":7,"column":43}},"type":"cond-expr","locations":[{"start":{"line":7,"column":26},"end":{"line":7,"column":36}},{"start":{"line":7,"column":39},"end":{"line":7,"column":43}}],"line":7},"1":{"loc":{"start":{"line":7,"column":47},"end":{"line":7,"column":79}},"type":"cond-expr","locations":[{"start":{"line":7,"column":60},"end":{"line":7,"column":71}},{"start":{"line":7,"column":74},"end":{"line":7,"column":79}}],"line":7}},"s":{"0":4,"1":4,"2":4,"3":4,"4":4,"5":2},"f":{"0":4},"b":{"0":[0,4],"1":[4,0]},"_coverageSchema":"1a1c01bbd47fc00a2c39e90264f33305004495a9","hash":"9e1e88b3a04e43099ea08b74bcca622adfb3260f"}
}
