{"/Users/luizsantos/makers/javascript/bank-tdd/GetDate.js": {"path":"/Users/luizsantos/makers/javascript/bank-tdd/GetDate.js","statementMap":{"0":{"start":{"line":3,"column":18},"end":{"line":3,"column":38}},"1":{"start":{"line":4,"column":4},"end":{"line":10,"column":5}},"2":{"start":{"line":5,"column":6},"end":{"line":5,"column":38}},"3":{"start":{"line":6,"column":10},"end":{"line":10,"column":5}},"4":{"start":{"line":7,"column":6},"end":{"line":7,"column":38}},"5":{"start":{"line":9,"column":6},"end":{"line":9,"column":25}},"6":{"start":{"line":13,"column":16},"end":{"line":13,"column":36}},"7":{"start":{"line":14,"column":18},"end":{"line":14,"column":43}},"8":{"start":{"line":15,"column":17},"end":{"line":15,"column":41}},"9":{"start":{"line":16,"column":22},"end":{"line":16,"column":97}},"10":{"start":{"line":17,"column":4},"end":{"line":17,"column":23}},"11":{"start":{"line":21,"column":0},"end":{"line":21,"column":24}}},"fnMap":{"0":{"name":"(anonymous_0)","decl":{"start":{"line":2,"column":2},"end":{"line":2,"column":3}},"loc":{"start":{"line":2,"column":26},"end":{"line":11,"column":3}},"line":2},"1":{"name":"(anonymous_1)","decl":{"start":{"line":12,"column":2},"end":{"line":12,"column":3}},"loc":{"start":{"line":12,"column":19},"end":{"line":18,"column":3}},"line":12}},"branchMap":{"0":{"loc":{"start":{"line":4,"column":4},"end":{"line":10,"column":5}},"type":"if","locations":[{"start":{"line":4,"column":4},"end":{"line":10,"column":5}},{"start":{"line":6,"column":10},"end":{"line":10,"column":5}}],"line":4},"1":{"loc":{"start":{"line":6,"column":10},"end":{"line":10,"column":5}},"type":"if","locations":[{"start":{"line":6,"column":10},"end":{"line":10,"column":5}},{"start":{"line":8,"column":9},"end":{"line":10,"column":5}}],"line":6},"2":{"loc":{"start":{"line":6,"column":13},"end":{"line":6,"column":97}},"type":"binary-expr","locations":[{"start":{"line":6,"column":13},"end":{"line":6,"column":38}},{"start":{"line":6,"column":42},"end":{"line":6,"column":63}},{"start":{"line":6,"column":67},"end":{"line":6,"column":97}}],"line":6},"3":{"loc":{"start":{"line":16,"column":25},"end":{"line":16,"column":51}},"type":"cond-expr","locations":[{"start":{"line":16,"column":36},"end":{"line":16,"column":45}},{"start":{"line":16,"column":48},"end":{"line":16,"column":51}}],"line":16},"4":{"loc":{"start":{"line":16,"column":55},"end":{"line":16,"column":87}},"type":"cond-expr","locations":[{"start":{"line":16,"column":68},"end":{"line":16,"column":79}},{"start":{"line":16,"column":82},"end":{"line":16,"column":87}}],"line":16}},"s":{"0":8,"1":8,"2":4,"3":4,"4":0,"5":4,"6":3,"7":3,"8":3,"9":3,"10":3,"11":1},"f":{"0":8,"1":3},"b":{"0":[4,4],"1":[0,4],"2":[4,4,4],"3":[1,2],"4":[3,0]},"_coverageSchema":"1a1c01bbd47fc00a2c39e90264f33305004495a9","hash":"33db3ba8005b4ce888d45109640d58d0584b4b10"}
}
