TN:
SF:Bank.js
FN:3,(anonymous_0)
FN:9,(anonymous_1)
FN:14,(anonymous_2)
FN:18,(anonymous_3)
FNF:4
FNH:4
FNDA:3,(anonymous_0)
FNDA:2,(anonymous_1)
FNDA:1,(anonymous_2)
FNDA:3,(anonymous_3)
DA:1,1
DA:4,3
DA:5,3
DA:6,3
DA:10,2
DA:11,2
DA:15,1
DA:16,1
DA:19,3
DA:23,1
LF:10
LH:10
BRF:0
BRH:0
end_of_record
TN:
SF:GetDate.js
FN:2,(anonymous_0)
FNF:1
FNH:1
FNDA:4,(anonymous_0)
DA:3,4
DA:4,4
DA:5,4
DA:6,4
DA:7,4
DA:11,2
LF:6
LH:6
BRDA:7,0,0,0
BRDA:7,0,1,4
BRDA:7,1,0,4
BRDA:7,1,1,0
BRF:4
BRH:2
end_of_record
